<?xml version="1.0" encoding="UTF-8"?>
<testsuite xmlns:xsi="http://www.w3.org/2001/XMLSchema-instance" xsi:noNamespaceSchemaLocation="https://maven.apache.org/surefire/maven-surefire-plugin/xsd/surefire-test-report.xsd" name="com.example.Test" time="0.821" tests="1" errors="1" skipped="0" failures="0">
  <properties>
[...]
</properties>
  <testcase name="jwt" classname="com.example.Test" time="0.711">
    <error message="Base64-encoded key bytes may only be specified for HMAC signatures.  If using RSA or Elliptic Curve, use the signWith(SignatureAlgorithm, Key) method instead." type="java.lang.IllegalArgumentException">java.lang.IllegalArgumentException: Base64-encoded key bytes may only be specified for HMAC signatures.  If using RSA or Elliptic Curve, use the signWith(SignatureAlgorithm, Key) method instead.
	at com.example.Test.jwt(Test.java:35)
</error>
  </testcase>
</testsuite>